0 info it worked if it ends with ok
1 verbose cli [ '/Users/Valerian/.nvm/versions/io.js/v2.1.0/bin/iojs',
1 verbose cli   '/Users/Valerian/.nvm/versions/io.js/v2.1.0/bin/npm',
1 verbose cli   'run',
1 verbose cli   'update_weapons' ]
2 info using npm@2.12.0
3 info using node@v2.1.0
4 verbose stack Error: missing script: update_weapons
4 verbose stack     at run (/Users/Valerian/.nvm/versions/io.js/v2.1.0/lib/node_modules/npm/lib/run-script.js:142:19)
4 verbose stack     at /Users/Valerian/.nvm/versions/io.js/v2.1.0/lib/node_modules/npm/lib/run-script.js:58:5
4 verbose stack     at /Users/Valerian/.nvm/versions/io.js/v2.1.0/lib/node_modules/npm/node_modules/read-package-json/read-json.js:345:5
4 verbose stack     at checkBinReferences_ (/Users/Valerian/.nvm/versions/io.js/v2.1.0/lib/node_modules/npm/node_modules/read-package-json/read-json.js:309:45)
4 verbose stack     at final (/Users/Valerian/.nvm/versions/io.js/v2.1.0/lib/node_modules/npm/node_modules/read-package-json/read-json.js:343:3)
4 verbose stack     at then (/Users/Valerian/.nvm/versions/io.js/v2.1.0/lib/node_modules/npm/node_modules/read-package-json/read-json.js:113:5)
4 verbose stack     at /Users/Valerian/.nvm/versions/io.js/v2.1.0/lib/node_modules/npm/node_modules/read-package-json/read-json.js:300:12
4 verbose stack     at FSReqWrap.readFileAfterClose [as oncomplete] (evalmachine.<anonymous>:382:3)
5 verbose cwd /Users/Valerian/Projects/sc2games-chart-client
6 error Darwin 14.5.0
7 error argv "/Users/Valerian/.nvm/versions/io.js/v2.1.0/bin/iojs" "/Users/Valerian/.nvm/versions/io.js/v2.1.0/bin/npm" "run" "update_weapons"
8 error node v2.1.0
9 error npm  v2.12.0
10 error missing script: update_weapons
11 error If you need help, you may report this error at:
11 error     <https://github.com/npm/npm/issues>
12 verbose exit [ 1, true ]
